I, [2017-12-13T12:59:48.290484 #73207]  INFO -- aws-demo-baseline-ubuntu: -----> Setting up <aws-demo-baseline-ubuntu>...
I, [2017-12-13T12:59:48.292062 #73207]  INFO -- aws-demo-baseline-ubuntu: Finished setting up <aws-demo-baseline-ubuntu> (0m0.00s).
I, [2017-12-13T12:59:48.292667 #73207]  INFO -- aws-demo-baseline-ubuntu: -----> Verifying <aws-demo-baseline-ubuntu>...
I, [2017-12-13T12:59:48.298130 #73207]  INFO -- aws-demo-baseline-ubuntu: Verifying host 'localhost' of group 'aws-demo-baseline'
I, [2017-12-13T12:59:48.422960 #73207]  INFO -- aws-demo-baseline-ubuntu: Loaded aws-inspec-demo 
E, [2017-12-13T13:00:01.060557 #73207] ERROR -- aws-demo-baseline-ubuntu: Verify failed on instance <aws-demo-baseline-ubuntu>.
E, [2017-12-13T13:00:01.060674 #73207] ERROR -- aws-demo-baseline-ubuntu: ------Exception-------
E, [2017-12-13T13:00:01.060699 #73207] ERROR -- aws-demo-baseline-ubuntu: Class: Kitchen::ActionFailed
E, [2017-12-13T13:00:01.060718 #73207] ERROR -- aws-demo-baseline-ubuntu: Message: Inspec Runner returns 1
E, [2017-12-13T13:00:01.060736 #73207] ERROR -- aws-demo-baseline-ubuntu: ----------------------
E, [2017-12-13T13:00:01.060753 #73207] ERROR -- aws-demo-baseline-ubuntu: ------Backtrace-------
E, [2017-12-13T13:00:01.060771 #73207] ERROR -- aws-demo-baseline-ubuntu: /usr/local/lib/ruby/gems/2.4.0/gems/kitchen-inspec-0.20.0/lib/kitchen/verifier/inspec.rb:96:in `call'
E, [2017-12-13T13:00:01.060791 #73207] ERROR -- aws-demo-baseline-ubuntu: /usr/local/lib/ruby/gems/2.4.0/gems/kitchen-terraform-3.0.0/lib/kitchen/verifier/terraform.rb:116:in `block (2 levels) in call'
E, [2017-12-13T13:00:01.060809 #73207] ERROR -- aws-demo-baseline-ubuntu: /usr/local/lib/ruby/gems/2.4.0/gems/kitchen-terraform-3.0.0/lib/kitchen/verifier/terraform/enumerate_groups_and_hostnames.rb:68:in `block (5 levels) in call'
E, [2017-12-13T13:00:01.060827 #73207] ERROR -- aws-demo-baseline-ubuntu: /usr/local/lib/ruby/gems/2.4.0/gems/kitchen-terraform-3.0.0/lib/kitchen/verifier/terraform/enumerate_groups_and_hostnames.rb:64:in `each'
E, [2017-12-13T13:00:01.060844 #73207] ERROR -- aws-demo-baseline-ubuntu: /usr/local/lib/ruby/gems/2.4.0/gems/kitchen-terraform-3.0.0/lib/kitchen/verifier/terraform/enumerate_groups_and_hostnames.rb:64:in `block (4 levels) in call'
E, [2017-12-13T13:00:01.060862 #73207] ERROR -- aws-demo-baseline-ubuntu: /usr/local/lib/ruby/gems/2.4.0/gems/dry-monads-0.4.0/lib/dry/monads/right_biased.rb:48:in `bind'
E, [2017-12-13T13:00:01.060879 #73207] ERROR -- aws-demo-baseline-ubuntu: /usr/local/lib/ruby/gems/2.4.0/gems/dry-monads-0.4.0/lib/dry/monads/result.rb:87:in `fmap'
E, [2017-12-13T13:00:01.060897 #73207] ERROR -- aws-demo-baseline-ubuntu: /usr/local/lib/ruby/gems/2.4.0/gems/kitchen-terraform-3.0.0/lib/kitchen/verifier/terraform/enumerate_groups_and_hostnames.rb:62:in `block (3 levels) in call'
E, [2017-12-13T13:00:01.060930 #73207] ERROR -- aws-demo-baseline-ubuntu: /usr/local/lib/ruby/gems/2.4.0/gems/dry-monads-0.4.0/lib/dry/monads/try.rb:24:in `lift'
E, [2017-12-13T13:00:01.060947 #73207] ERROR -- aws-demo-baseline-ubuntu: /usr/local/lib/ruby/gems/2.4.0/gems/dry-monads-0.4.0/lib/dry/monads/try.rb:200:in `Try'
E, [2017-12-13T13:00:01.060963 #73207] ERROR -- aws-demo-baseline-ubuntu: /usr/local/lib/ruby/gems/2.4.0/gems/kitchen-terraform-3.0.0/lib/kitchen/verifier/terraform/enumerate_groups_and_hostnames.rb:52:in `block (2 levels) in call'
E, [2017-12-13T13:00:01.060980 #73207] ERROR -- aws-demo-baseline-ubuntu: /usr/local/lib/ruby/gems/2.4.0/gems/dry-monads-0.4.0/lib/dry/monads/right_biased.rb:48:in `bind'
E, [2017-12-13T13:00:01.060996 #73207] ERROR -- aws-demo-baseline-ubuntu: /usr/local/lib/ruby/gems/2.4.0/gems/kitchen-terraform-3.0.0/lib/kitchen/verifier/terraform/enumerate_groups_and_hostnames.rb:51:in `block in call'
E, [2017-12-13T13:00:01.061013 #73207] ERROR -- aws-demo-baseline-ubuntu: /usr/local/lib/ruby/gems/2.4.0/gems/dry-monads-0.4.0/lib/dry/monads/list.rb:254:in `block (2 levels) in traverse'
E, [2017-12-13T13:00:01.061029 #73207] ERROR -- aws-demo-baseline-ubuntu: /usr/local/lib/ruby/gems/2.4.0/gems/dry-monads-0.4.0/lib/dry/monads/right_biased.rb:48:in `bind'
E, [2017-12-13T13:00:01.061077 #73207] ERROR -- aws-demo-baseline-ubuntu: /usr/local/lib/ruby/gems/2.4.0/gems/dry-monads-0.4.0/lib/dry/monads/list.rb:253:in `block in traverse'
E, [2017-12-13T13:00:01.061094 #73207] ERROR -- aws-demo-baseline-ubuntu: /usr/local/lib/ruby/gems/2.4.0/gems/dry-monads-0.4.0/lib/dry/monads/list.rb:149:in `block in fold_left'
E, [2017-12-13T13:00:01.061109 #73207] ERROR -- aws-demo-baseline-ubuntu: /usr/local/lib/ruby/gems/2.4.0/gems/dry-monads-0.4.0/lib/dry/monads/list.rb:149:in `each'
E, [2017-12-13T13:00:01.061124 #73207] ERROR -- aws-demo-baseline-ubuntu: /usr/local/lib/ruby/gems/2.4.0/gems/dry-monads-0.4.0/lib/dry/monads/list.rb:149:in `reduce'
E, [2017-12-13T13:00:01.061139 #73207] ERROR -- aws-demo-baseline-ubuntu: /usr/local/lib/ruby/gems/2.4.0/gems/dry-monads-0.4.0/lib/dry/monads/list.rb:149:in `fold_left'
E, [2017-12-13T13:00:01.061154 #73207] ERROR -- aws-demo-baseline-ubuntu: /usr/local/lib/ruby/gems/2.4.0/gems/dry-monads-0.4.0/lib/dry/monads/list.rb:252:in `traverse'
E, [2017-12-13T13:00:01.061168 #73207] ERROR -- aws-demo-baseline-ubuntu: /usr/local/lib/ruby/gems/2.4.0/gems/kitchen-terraform-3.0.0/lib/kitchen/verifier/terraform/enumerate_groups_and_hostnames.rb:49:in `call'
E, [2017-12-13T13:00:01.061183 #73207] ERROR -- aws-demo-baseline-ubuntu: /usr/local/lib/ruby/gems/2.4.0/gems/kitchen-terraform-3.0.0/lib/kitchen/verifier/terraform.rb:101:in `block in call'
E, [2017-12-13T13:00:01.061201 #73207] ERROR -- aws-demo-baseline-ubuntu: /usr/local/lib/ruby/gems/2.4.0/gems/dry-monads-0.4.0/lib/dry/monads/right_biased.rb:48:in `bind'
E, [2017-12-13T13:00:01.061215 #73207] ERROR -- aws-demo-baseline-ubuntu: /usr/local/lib/ruby/gems/2.4.0/gems/kitchen-terraform-3.0.0/lib/kitchen/verifier/terraform.rb:99:in `call'
E, [2017-12-13T13:00:01.061230 #73207] ERROR -- aws-demo-baseline-ubuntu: /usr/local/lib/ruby/gems/2.4.0/gems/test-kitchen-1.16.0/lib/kitchen/instance.rb:434:in `block in verify_action'
E, [2017-12-13T13:00:01.061244 #73207] ERROR -- aws-demo-baseline-ubuntu: /usr/local/lib/ruby/gems/2.4.0/gems/test-kitchen-1.16.0/lib/kitchen/instance.rb:527:in `synchronize_or_call'
E, [2017-12-13T13:00:01.061259 #73207] ERROR -- aws-demo-baseline-ubuntu: /usr/local/lib/ruby/gems/2.4.0/gems/test-kitchen-1.16.0/lib/kitchen/instance.rb:489:in `block in action'
E, [2017-12-13T13:00:01.061273 #73207] ERROR -- aws-demo-baseline-ubuntu: /usr/local/Cellar/ruby/2.4.2_1/lib/ruby/2.4.0/benchmark.rb:293:in `measure'
E, [2017-12-13T13:00:01.061288 #73207] ERROR -- aws-demo-baseline-ubuntu: /usr/local/lib/ruby/gems/2.4.0/gems/test-kitchen-1.16.0/lib/kitchen/instance.rb:488:in `action'
E, [2017-12-13T13:00:01.061303 #73207] ERROR -- aws-demo-baseline-ubuntu: /usr/local/lib/ruby/gems/2.4.0/gems/test-kitchen-1.16.0/lib/kitchen/instance.rb:426:in `verify_action'
E, [2017-12-13T13:00:01.061317 #73207] ERROR -- aws-demo-baseline-ubuntu: /usr/local/lib/ruby/gems/2.4.0/gems/test-kitchen-1.16.0/lib/kitchen/instance.rb:359:in `block in transition_to'
E, [2017-12-13T13:00:01.061331 #73207] ERROR -- aws-demo-baseline-ubuntu: /usr/local/lib/ruby/gems/2.4.0/gems/test-kitchen-1.16.0/lib/kitchen/instance.rb:358:in `each'
E, [2017-12-13T13:00:01.061348 #73207] ERROR -- aws-demo-baseline-ubuntu: /usr/local/lib/ruby/gems/2.4.0/gems/test-kitchen-1.16.0/lib/kitchen/instance.rb:358:in `transition_to'
E, [2017-12-13T13:00:01.061363 #73207] ERROR -- aws-demo-baseline-ubuntu: /usr/local/lib/ruby/gems/2.4.0/gems/test-kitchen-1.16.0/lib/kitchen/instance.rb:157:in `verify'
E, [2017-12-13T13:00:01.061378 #73207] ERROR -- aws-demo-baseline-ubuntu: /usr/local/lib/ruby/gems/2.4.0/gems/test-kitchen-1.16.0/lib/kitchen/command.rb:197:in `public_send'
E, [2017-12-13T13:00:01.061392 #73207] ERROR -- aws-demo-baseline-ubuntu: /usr/local/lib/ruby/gems/2.4.0/gems/test-kitchen-1.16.0/lib/kitchen/command.rb:197:in `run_action_in_thread'
E, [2017-12-13T13:00:01.061407 #73207] ERROR -- aws-demo-baseline-ubuntu: /usr/local/lib/ruby/gems/2.4.0/gems/test-kitchen-1.16.0/lib/kitchen/command.rb:169:in `block (2 levels) in run_action'
E, [2017-12-13T13:00:01.061434 #73207] ERROR -- aws-demo-baseline-ubuntu: ----End Backtrace-----
